  imgui.cpp
  imgui_demo.cpp
  imgui_draw.cpp
C:\Users\PicoxShot\Desktop\desktop\valo Source\include\imgui\imgui_draw.cpp(197,58): warning C4305: 'argument': truncation from 'double' to 'float'
  imgui_impl_glfw.cpp
C:\Users\PicoxShot\Desktop\desktop\valo Source\include\imgui\imgui_impl_glfw.cpp(45,10): fatal  error C1083: Cannot open include file: 'GLFW/glfw3.h': No such file or directory
  imgui_impl_opengl3.cpp
C:\Users\PicoxShot\Desktop\desktop\valo Source\include\imgui\imgui_impl_opengl3.h(82,1): fatal  error C1189: #error:  "Cannot detect OpenGL loader!"
  imgui_tables.cpp
  imgui_widgets.cpp
  Main.cpp
C:\Program Files\Microsoft Visual Studio\2022\Community\VC\Tools\MSVC\14.36.32532\include\filesystem(13): warning STL4038: The contents of <filesystem> are available only with C++17 or later.
C:\Users\PicoxShot\Desktop\desktop\valo Source\defs.hpp(106,1): warning C4005: 'LOBYTE': macro redefinition
C:\Program Files (x86)\Windows Kits\10\Include\10.0.22621.0\shared\minwindef.h(206,1): message : see previous definition of 'LOBYTE'
C:\Users\PicoxShot\Desktop\desktop\valo Source\defs.hpp(107,1): warning C4005: 'LOWORD': macro redefinition
C:\Program Files (x86)\Windows Kits\10\Include\10.0.22621.0\shared\minwindef.h(204,1): message : see previous definition of 'LOWORD'
C:\Users\PicoxShot\Desktop\desktop\valo Source\defs.hpp(109,1): warning C4005: 'HIBYTE': macro redefinition
C:\Program Files (x86)\Windows Kits\10\Include\10.0.22621.0\shared\minwindef.h(207,1): message : see previous definition of 'HIBYTE'
C:\Users\PicoxShot\Desktop\desktop\valo Source\defs.hpp(110,1): warning C4005: 'HIWORD': macro redefinition
C:\Program Files (x86)\Windows Kits\10\Include\10.0.22621.0\shared\minwindef.h(205,1): message : see previous definition of 'HIWORD'
C:\Users\PicoxShot\Desktop\desktop\valo Source\Entitys.hpp(83,12): warning C4244: '=': conversion from 'unsigned __int64' to 'int', possible loss of data
C:\Users\PicoxShot\Desktop\desktop\valo Source\Entitys.hpp(88,11): warning C4244: '=': conversion from 'unsigned __int64' to 'int', possible loss of data
C:\Users\PicoxShot\Desktop\desktop\valo Source\Entitys.hpp(91,13): warning C4244: '=': conversion from 'unsigned __int64' to 'unsigned int', possible loss of data
C:\Users\PicoxShot\Desktop\desktop\valo Source\Setup.hpp(5,19): error C3861: 'skCrypt': identifier not found
C:\Users\PicoxShot\Desktop\desktop\valo Source\Setup.hpp(8,3): error C3861: 'glfwSetErrorCallback': identifier not found
C:\Users\PicoxShot\Desktop\desktop\valo Source\Setup.hpp(9,8): error C3861: 'glfwInit': identifier not found
C:\Users\PicoxShot\Desktop\desktop\valo Source\Setup.hpp(10,17): error C3861: 'skCrypt': identifier not found
C:\Users\PicoxShot\Desktop\desktop\valo Source\Setup.hpp(14,3): error C2065: 'GLFWmonitor': undeclared identifier
C:\Users\PicoxShot\Desktop\desktop\valo Source\Setup.hpp(14,16): error C2065: 'monitor': undeclared identifier
C:\Users\PicoxShot\Desktop\desktop\valo Source\Setup.hpp(14,26): error C3861: 'glfwGetPrimaryMonitor': identifier not found
C:\Users\PicoxShot\Desktop\desktop\valo Source\Setup.hpp(15,8): error C2065: 'monitor': undeclared identifier
C:\Users\PicoxShot\Desktop\desktop\valo Source\Setup.hpp(16,20): error C3861: 'skCrypt': identifier not found
C:\Users\PicoxShot\Desktop\desktop\valo Source\Setup.hpp(20,3): error C2065: 'g_Config': undeclared identifier
C:\Users\PicoxShot\Desktop\desktop\valo Source\Setup.hpp(20,40): error C2065: 'monitor': undeclared identifier
C:\Users\PicoxShot\Desktop\desktop\valo Source\Setup.hpp(20,23): error C3861: 'glfwGetVideoMode': identifier not found
C:\Users\PicoxShot\Desktop\desktop\valo Source\Setup.hpp(21,3): error C2065: 'g_Config': undeclared identifier
C:\Users\PicoxShot\Desktop\desktop\valo Source\Setup.hpp(21,41): error C2065: 'monitor': undeclared identifier
C:\Users\PicoxShot\Desktop\desktop\valo Source\Setup.hpp(21,24): error C3861: 'glfwGetVideoMode': identifier not found
C:\Users\PicoxShot\Desktop\desktop\valo Source\Setup.hpp(23,18): error C2065: 'GLFW_FLOATING': undeclared identifier
C:\Users\PicoxShot\Desktop\desktop\valo Source\Setup.hpp(23,3): error C3861: 'glfwWindowHint': identifier not found
C:\Users\PicoxShot\Desktop\desktop\valo Source\Setup.hpp(24,18): error C2065: 'GLFW_RESIZABLE': undeclared identifier
C:\Users\PicoxShot\Desktop\desktop\valo Source\Setup.hpp(24,3): error C3861: 'glfwWindowHint': identifier not found
C:\Users\PicoxShot\Desktop\desktop\valo Source\Setup.hpp(25,18): error C2065: 'GLFW_MAXIMIZED': undeclared identifier
C:\Users\PicoxShot\Desktop\desktop\valo Source\Setup.hpp(25,3): error C3861: 'glfwWindowHint': identifier not found
C:\Users\PicoxShot\Desktop\desktop\valo Source\Setup.hpp(26,18): error C2065: 'GLFW_TRANSPARENT_FRAMEBUFFER': undeclared identifier
C:\Users\PicoxShot\Desktop\desktop\valo Source\Setup.hpp(26,3): error C3861: 'glfwWindowHint': identifier not found
C:\Users\PicoxShot\Desktop\desktop\valo Source\Setup.hpp(28,31): error C2065: 'g_Config': undeclared identifier
C:\Users\PicoxShot\Desktop\desktop\valo Source\Setup.hpp(28,50): error C2065: 'g_Config': undeclared identifier
C:\Users\PicoxShot\Desktop\desktop\valo Source\Setup.hpp(28,70): error C3861: 'skCrypt': identifier not found
C:\Users\PicoxShot\Desktop\desktop\valo Source\Setup.hpp(28,14): error C3861: 'glfwCreateWindow': identifier not found
C:\Users\PicoxShot\Desktop\desktop\valo Source\Setup.hpp(30,17): error C3861: 'skCrypt': identifier not found
C:\Users\PicoxShot\Desktop\desktop\valo Source\Setup.hpp(34,33): error C2065: 'GLFW_DECORATED': undeclared identifier
C:\Users\PicoxShot\Desktop\desktop\valo Source\Setup.hpp(34,3): error C3861: 'glfwSetWindowAttrib': identifier not found
C:\Users\PicoxShot\Desktop\desktop\valo Source\Setup.hpp(35,33): error C2065: 'GLFW_MOUSE_PASSTHROUGH': undeclared identifier
C:\Users\PicoxShot\Desktop\desktop\valo Source\Setup.hpp(35,3): error C3861: 'glfwSetWindowAttrib': identifier not found
C:\Users\PicoxShot\Desktop\desktop\valo Source\Setup.hpp(36,46): error C2065: 'g_Config': undeclared identifier
C:\Users\PicoxShot\Desktop\desktop\valo Source\Setup.hpp(36,65): error C2065: 'g_Config': undeclared identifier
C:\Users\PicoxShot\Desktop\desktop\valo Source\Setup.hpp(36,3): error C3861: 'glfwSetWindowMonitor': identifier not found
C:\Users\PicoxShot\Desktop\desktop\valo Source\Setup.hpp(38,3): error C3861: 'glfwMakeContextCurrent': identifier not found
C:\Users\PicoxShot\Desktop\desktop\valo Source\Setup.hpp(39,3): error C3861: 'glfwSwapInterval': identifier not found
C:\Users\PicoxShot\Desktop\desktop\valo Source\Setup.hpp(41,7): error C3861: 'glewInit': identifier not found
C:\Users\PicoxShot\Desktop\desktop\valo Source\Setup.hpp(41,21): error C2065: 'GLEW_OK': undeclared identifier
C:\Users\PicoxShot\Desktop\desktop\valo Source\Setup.hpp(43,20): error C3861: 'skCrypt': identifier not found
C:\Users\PicoxShot\Desktop\desktop\valo Source\Setup.hpp(55,26): error C3861: 'skCrypt': identifier not found
C:\Users\PicoxShot\Desktop\desktop\valo Source\Setup.hpp(55,3): error C3861: 'ImGui_ImplOpenGL3_Init': identifier not found
C:\Users\PicoxShot\Desktop\desktop\valo Source\Setup.hpp(57,47): error C3861: 'skCrypt': identifier not found
C:\Users\PicoxShot\Desktop\desktop\valo Source\Setup.hpp(61,3): error C3861: 'ImGui_ImplOpenGL3_Shutdown': identifier not found
C:\Users\PicoxShot\Desktop\desktop\valo Source\Setup.hpp(65,3): error C3861: 'glfwDestroyWindow': identifier not found
C:\Users\PicoxShot\Desktop\desktop\valo Source\Setup.hpp(66,3): error C3861: 'glfwTerminate': identifier not found
C:\Users\PicoxShot\Desktop\desktop\valo Source\Setup.hpp(84,4): error C2065: 'g_Config': undeclared identifier
C:\Users\PicoxShot\Desktop\desktop\valo Source\Setup.hpp(84,35): error C2065: 'g_Config': undeclared identifier
C:\Users\PicoxShot\Desktop\desktop\valo Source\Setup.hpp(85,34): error C2065: 'GLFW_MOUSE_PASSTHROUGH': undeclared identifier
C:\Users\PicoxShot\Desktop\desktop\valo Source\Setup.hpp(85,59): error C2065: 'g_Config': undeclared identifier
C:\Users\PicoxShot\Desktop\desktop\valo Source\Setup.hpp(85,4): error C3861: 'glfwSetWindowAttrib': identifier not found
C:\Users\PicoxShot\Desktop\desktop\valo Source\Setup.hpp(86,8): error C2065: 'g_Config': undeclared identifier
C:\Users\PicoxShot\Desktop\desktop\valo Source\Setup.hpp(87,27): error C3861: 'glfwGetWin32Window': identifier not found
C:\Users\PicoxShot\Desktop\desktop\valo Source\Valorant.hpp(6,22): error C2065: 'Read': undeclared identifier
C:\Users\PicoxShot\Desktop\desktop\valo Source\Valorant.hpp(6,27): error C2275: 'uintptr_t': expected an expression instead of a type
C:\Users\PicoxShot\Desktop\desktop\valo Source\Valorant.hpp(11,26): error C2065: 'Read': undeclared identifier
C:\Users\PicoxShot\Desktop\desktop\valo Source\Valorant.hpp(11,31): error C2275: 'uintptr_t': expected an expression instead of a type
C:\Users\PicoxShot\Desktop\desktop\valo Source\Valorant.hpp(11,50): error C2653: 'offsets': is not a class or namespace name
C:\Users\PicoxShot\Desktop\desktop\valo Source\Valorant.hpp(16,21): error C2065: 'Read': undeclared identifier
C:\Users\PicoxShot\Desktop\desktop\valo Source\Valorant.hpp(16,26): error C2275: 'uintptr_t': expected an expression instead of a type
C:\Users\PicoxShot\Desktop\desktop\valo Source\Valorant.hpp(16,45): error C2653: 'offsets': is not a class or namespace name
C:\Users\PicoxShot\Desktop\desktop\valo Source\Valorant.hpp(16,54): error C2065: 'mesh_component': undeclared identifier
C:\Users\PicoxShot\Desktop\desktop\valo Source\Valorant.hpp(21,29): error C2065: 'Read': undeclared identifier
C:\Users\PicoxShot\Desktop\desktop\valo Source\Valorant.hpp(21,34): error C2275: 'uintptr_t': expected an expression instead of a type
C:\Users\PicoxShot\Desktop\desktop\valo Source\Valorant.hpp(21,53): error C2653: 'offsets': is not a class or namespace name
C:\Users\PicoxShot\Desktop\desktop\valo Source\Valorant.hpp(22,31): error C2065: 'Read': undeclared identifier
C:\Users\PicoxShot\Desktop\desktop\valo Source\Valorant.hpp(22,36): error C2275: 'uintptr_t': expected an expression instead of a type
C:\Users\PicoxShot\Desktop\desktop\valo Source\Valorant.hpp(22,62): error C2653: 'offsets': is not a class or namespace name
C:\Users\PicoxShot\Desktop\desktop\valo Source\Valorant.hpp(23,18): error C2065: 'Read': undeclared identifier
C:\Users\PicoxShot\Desktop\desktop\valo Source\Valorant.hpp(23,23): error C2062: type 'int' unexpected
C:\Users\PicoxShot\Desktop\desktop\valo Source\Valorant.hpp(23,45): error C2653: 'offsets': is not a class or namespace name
C:\Users\PicoxShot\Desktop\desktop\valo Source\Valorant.hpp(24,21): error C2065: 'Read': undeclared identifier
C:\Users\PicoxShot\Desktop\desktop\valo Source\Valorant.hpp(24,26): error C2062: type 'int' unexpected
C:\Users\PicoxShot\Desktop\desktop\valo Source\Valorant.hpp(24,38): error C2653: 'offsets': is not a class or namespace name
C:\Users\PicoxShot\Desktop\desktop\valo Source\Valorant.hpp(30,31): error C2065: 'Read': undeclared identifier
C:\Users\PicoxShot\Desktop\desktop\valo Source\Valorant.hpp(30,36): error C2275: 'uintptr_t': expected an expression instead of a type
C:\Users\PicoxShot\Desktop\desktop\valo Source\Valorant.hpp(30,55): error C2653: 'offsets': is not a class or namespace name
C:\Users\PicoxShot\Desktop\desktop\valo Source\Valorant.hpp(31,31): error C2065: 'Read': undeclared identifier
C:\Users\PicoxShot\Desktop\desktop\valo Source\Valorant.hpp(31,36): error C2275: 'uintptr_t': expected an expression instead of a type
C:\Users\PicoxShot\Desktop\desktop\valo Source\Valorant.hpp(31,55): error C2653: 'offsets': is not a class or namespace name
C:\Users\PicoxShot\Desktop\desktop\valo Source\Valorant.hpp(32,27): error C2065: 'Read': undeclared identifier
C:\Users\PicoxShot\Desktop\desktop\valo Source\Valorant.hpp(32,32): error C2275: 'uintptr_t': expected an expression instead of a type
C:\Users\PicoxShot\Desktop\desktop\valo Source\Valorant.hpp(32,50): error C2653: 'offsets': is not a class or namespace name
C:\Users\PicoxShot\Desktop\desktop\valo Source\Valorant.hpp(33,32): error C2065: 'Read': undeclared identifier
C:\Users\PicoxShot\Desktop\desktop\valo Source\Valorant.hpp(33,37): error C2275: 'uint32_t': expected an expression instead of a type
C:\Users\PicoxShot\Desktop\desktop\valo Source\Valorant.hpp(33,54): error C2653: 'offsets': is not a class or namespace name
C:\Users\PicoxShot\Desktop\desktop\valo Source\Valorant.hpp(35,18): error C2065: 'Read': undeclared identifier
C:\Users\PicoxShot\Desktop\desktop\valo Source\Valorant.hpp(35,23): error C2275: 'uintptr_t': expected an expression instead of a type
C:\Users\PicoxShot\Desktop\desktop\valo Source\Valorant.hpp(35,41): error C2653: 'offsets': is not a class or namespace name
C:\Users\PicoxShot\Desktop\desktop\valo Source\Valorant.hpp(35,50): error C2065: 'bone_array_Cached': undeclared identifier
C:\Users\PicoxShot\Desktop\desktop\valo Source\Valorant.hpp(57,22): error C3861: 'decryptWorld': identifier not found
C:\Users\PicoxShot\Desktop\desktop\valo Source\Valorant.hpp(58,28): error C2065: 'Read': undeclared identifier
C:\Users\PicoxShot\Desktop\desktop\valo Source\Valorant.hpp(58,33): error C2275: 'uintptr_t': expected an expression instead of a type
C:\Users\PicoxShot\Desktop\desktop\valo Source\Valorant.hpp(58,52): error C2653: 'offsets': is not a class or namespace name
C:\Users\PicoxShot\Desktop\desktop\valo Source\Valorant.hpp(58,77): error C3536: 'persistent_level': cannot be used before it is initialized
C:\Users\PicoxShot\Desktop\desktop\valo Source\Valorant.hpp(59,25): error C2065: 'Read': undeclared identifier
C:\Users\PicoxShot\Desktop\desktop\valo Source\Valorant.hpp(59,30): error C2275: 'uintptr_t': expected an expression instead of a type
C:\Users\PicoxShot\Desktop\desktop\valo Source\Valorant.hpp(59,49): error C2653: 'offsets': is not a class or namespace name
C:\Users\PicoxShot\Desktop\desktop\valo Source\Valorant.hpp(59,71): error C3536: 'game_instance': cannot be used before it is initialized
C:\Users\PicoxShot\Desktop\desktop\valo Source\Valorant.hpp(60,30): error C2065: 'Read': undeclared identifier
C:\Users\PicoxShot\Desktop\desktop\valo Source\Valorant.hpp(60,35): error C2275: 'uintptr_t': expected an expression instead of a type
C:\Users\PicoxShot\Desktop\desktop\valo Source\Valorant.hpp(60,44): fatal  error C1003: error count exceeds 100; stopping compilation
  Generating Code...
